<?xml version="1.0" encoding="UTF-8"?>
<testng-results skipped="0" failed="0" ignored="0" total="1" passed="1">
  <reporter-output>
  </reporter-output>
  <suite name="Suite" duration-ms="21239" started-at="2021-08-24T15:24:37Z" finished-at="2021-08-24T15:24:58Z">
    <groups>
    </groups>
    <test name="Test" duration-ms="21239" started-at="2021-08-24T15:24:37Z" finished-at="2021-08-24T15:24:58Z">
      <class name="testpackage.test1">
        <test-method status="PASS" signature="setUp()[pri:0, instance:testpackage.test1@16aa0a0a]" name="setUp" is-config="true" duration-ms="23157" started-at="2021-08-24T15:24:13Z" finished-at="2021-08-24T15:24:37Z">
          <reporter-output>
          </reporter-output>
        </test-method> <!-- setUp -->
        <test-method status="PASS" signature="loginNow()[pri:0, instance:testpackage.test1@16aa0a0a]" name="loginNow" duration-ms="21209" started-at="2021-08-24T15:24:37Z" finished-at="2021-08-24T15:24:58Z">
          <reporter-output>
          </reporter-output>
        </test-method> <!-- loginNow -->
        <test-method status="PASS" signature="tearDown()[pri:0, instance:testpackage.test1@16aa0a0a]" name="tearDown" is-config="true" duration-ms="790" started-at="2021-08-24T15:24:58Z" finished-at="2021-08-24T15:24:59Z">
          <reporter-output>
          </reporter-output>
        </test-method> <!-- tearDown -->
      </class> <!-- testpackage.test1 -->
    </test> <!-- Test -->
  </suite> <!-- Suite -->
</testng-results>
